{
  "RSpec": {
    "coverage": {
      "C:/Users/andmi/CAMAAR/camaar/app/helpers/admin_helper.rb": {
        "lines": [
          1,
          null
        ]
      },
      "C:/Users/andmi/CAMAAR/camaar/app/helpers/application_helper.rb": {
        "lines": [
          1,
          null,
          1,
          31,
          null,
          5,
          null,
          1,
          null,
          1,
          null,
          3,
          null,
          6,
          null,
          7,
          null,
          2,
          null,
          1,
          null,
          0,
          null,
          1,
          null,
          1,
          null,
          2,
          null,
          1,
          null,
          null
        ]
      },
      "C:/Users/andmi/CAMAAR/camaar/app/helpers/formularios_helper.rb": {
        "lines": [
          1,
          1,
          1,
          1,
          null,
          null
        ]
      },
      "C:/Users/andmi/CAMAAR/camaar/app/helpers/resposta_formularios_helper.rb": {
        "lines": [
          1,
          null
        ]
      },
      "C:/Users/andmi/CAMAAR/camaar/app/helpers/senhas_helper.rb": {
        "lines": [
          1,
          null
        ]
      },
      "C:/Users/andmi/CAMAAR/camaar/app/helpers/sessoes_helper.rb": {
        "lines": [
          1,
          null
        ]
      },
      "C:/Users/andmi/CAMAAR/camaar/app/helpers/templates_helper.rb": {
        "lines": [
          null,
          null,
          1,
          null
        ]
      },
      "C:/Users/andmi/CAMAAR/camaar/app/models/template.rb": {
        "lines": [
          null,
          null,
          null,
          1,
          null,
          1,
          null,
          1,
          null,
          1,
          null,
          null,
          null,
          null,
          null,
          1,
          5,
          null,
          null
        ]
      },
      "C:/Users/andmi/CAMAAR/camaar/app/models/application_record.rb": {
        "lines": [
          1,
          1,
          null
        ]
      },
      "C:/Users/andmi/CAMAAR/camaar/app/models/usuario.rb": {
        "lines": [
          1,
          1,
          1,
          1,
          1,
          null,
          null,
          1,
          null,
          null,
          null,
          null,
          null,
          null,
          null,
          1,
          1,
          1,
          1,
          1,
          1,
          1,
          1,
          1,
          1,
          null,
          null,
          null,
          null,
          467,
          null,
          null,
          1,
          3,
          null,
          null
        ]
      },
      "C:/Users/andmi/CAMAAR/camaar/app/models/turma.rb": {
        "lines": [
          1,
          1,
          1,
          1,
          1,
          1,
          1,
          null,
          1,
          7,
          7,
          null
        ]
      },
      "C:/Users/andmi/CAMAAR/camaar/app/models/disciplina.rb": {
        "lines": [
          1,
          1,
          1,
          1
        ]
      },
      "C:/Users/andmi/CAMAAR/camaar/app/models/questao.rb": {
        "lines": [
          1,
          1,
          1,
          1,
          1,
          1,
          1,
          1,
          null
        ]
      },
      "C:/Users/andmi/CAMAAR/camaar/app/models/opcao.rb": {
        "lines": [
          1,
          1,
          1,
          1,
          null
        ]
      },
      "C:/Users/andmi/CAMAAR/camaar/app/controllers/sessoes_controller.rb": {
        "lines": [
          null,
          null,
          null,
          null,
          null,
          null,
          null,
          null,
          null,
          1,
          null,
          1,
          1,
          null,
          null,
          null,
          null,
          1,
          null,
          null,
          null,
          null,
          null,
          null,
          null,
          null,
          null,
          null,
          null,
          null,
          null,
          null,
          null,
          null,
          1,
          9,
          null,
          9,
          8,
          null,
          8,
          5,
          null,
          3,
          1,
          null,
          2,
          null,
          null,
          1,
          1,
          null,
          null,
          null,
          null,
          null,
          null,
          null,
          1,
          1,
          1,
          null,
          null,
          null,
          null,
          null,
          1,
          61,
          null,
          61,
          61,
          61,
          null,
          0,
          0,
          null,
          null,
          null,
          null,
          null,
          null
        ]
      },
      "C:/Users/andmi/CAMAAR/camaar/app/controllers/application_controller.rb": {
        "lines": [
          null,
          1,
          null,
          1,
          null,
          1,
          1,
          null,
          1,
          null,
          1,
          null,
          null,
          null,
          null,
          null,
          1,
          341,
          null,
          null,
          null,
          null,
          null,
          null,
          1,
          73,
          null,
          null,
          null,
          null,
          null,
          null,
          null,
          1,
          73,
          2,
          2,
          null,
          null,
          null,
          null,
          null,
          null,
          null,
          1,
          70,
          2,
          null,
          null,
          null,
          null,
          null,
          null,
          null,
          null,
          1,
          59,
          3,
          null,
          null
        ]
      },
      "C:/Users/andmi/CAMAAR/camaar/app/controllers/admin_controller.rb": {
        "lines": [
          null,
          null,
          null,
          null,
          null,
          1,
          1,
          null,
          null,
          null,
          null,
          1,
          5,
          null,
          null,
          null,
          null,
          null,
          null,
          null,
          null,
          null,
          null,
          null,
          1,
          null,
          null,
          null,
          9,
          1,
          1,
          null,
          null,
          null,
          null,
          8,
          3,
          null,
          null,
          null,
          5,
          0,
          null,
          null,
          null,
          5,
          5,
          5,
          5,
          null,
          null,
          null,
          1,
          null,
          null,
          null,
          null,
          null,
          1,
          8,
          null,
          8,
          24,
          null,
          null,
          null,
          null,
          24,
          null,
          24,
          null,
          24,
          24,
          null,
          null,
          null,
          null,
          null,
          null,
          null,
          null,
          null,
          null,
          null,
          null,
          null,
          null,
          null,
          null,
          1,
          8,
          null,
          8,
          null,
          null,
          8,
          null,
          null,
          8,
          null,
          null,
          null,
          null,
          null,
          null,
          8,
          null,
          null,
          8,
          8,
          8,
          null,
          null,
          8,
          352,
          null,
          null,
          null,
          8,
          8,
          null,
          null,
          null,
          null,
          null,
          null,
          null,
          null,
          null,
          null,
          1,
          360,
          360,
          360,
          null,
          null,
          null,
          null,
          null,
          null,
          1,
          9,
          9,
          9,
          9,
          26,
          null,
          null,
          null,
          null,
          null,
          null,
          null,
          null,
          null,
          null,
          1,
          3,
          3,
          null,
          3,
          3,
          null,
          3,
          null,
          3,
          null,
          null,
          null,
          null,
          null,
          null,
          null,
          null,
          null,
          null,
          1,
          352,
          352,
          352,
          null,
          null,
          null,
          null,
          null,
          null,
          null,
          null,
          null,
          null,
          352,
          null,
          null,
          352,
          null,
          null,
          352,
          352,
          null,
          null,
          null,
          null,
          null,
          null,
          null,
          null,
          null,
          null,
          1,
          8,
          8,
          8,
          null,
          null,
          null,
          null,
          null,
          null,
          null,
          null,
          null,
          8,
          null,
          null,
          8,
          null,
          null,
          8,
          8,
          null
        ]
      },
      "C:/Users/andmi/CAMAAR/camaar/app/controllers/formularios_controller.rb": {
        "lines": [
          1,
          1,
          null,
          null,
          null,
          null,
          1,
          5,
          5,
          null,
          null,
          5,
          null,
          5,
          null,
          null,
          null,
          5,
          null,
          null,
          null,
          null,
          null,
          null,
          null,
          null,
          null,
          null,
          null,
          1,
          4,
          11,
          4,
          null,
          4,
          1,
          3,
          1,
          null,
          null,
          null,
          null,
          null,
          null,
          null,
          null,
          null,
          null,
          null,
          null,
          1,
          8,
          8,
          8,
          2,
          null,
          null,
          6,
          6,
          7,
          null,
          null,
          6,
          null,
          6,
          7,
          14,
          14,
          14,
          14,
          14,
          7,
          14,
          14,
          14,
          null,
          null,
          null,
          null,
          6,
          null,
          null,
          1,
          null,
          1,
          0,
          null,
          null,
          null,
          null,
          null,
          null,
          null,
          null
        ]
      },
      "C:/Users/andmi/CAMAAR/camaar/app/models/formulario.rb": {
        "lines": [
          1,
          1,
          1,
          1,
          1,
          1,
          5,
          null
        ]
      },
      "C:/Users/andmi/CAMAAR/camaar/app/models/importacao_dado.rb": {
        "lines": [
          1,
          1,
          1,
          null
        ]
      },
      "C:/Users/andmi/CAMAAR/camaar/app/mailers/usuario_mailer.rb": {
        "lines": [
          1,
          1,
          360,
          360,
          360,
          360,
          null
        ]
      },
      "C:/Users/andmi/CAMAAR/camaar/app/mailers/application_mailer.rb": {
        "lines": [
          1,
          1,
          1,
          null
        ]
      },
      "C:/Users/andmi/CAMAAR/camaar/app/controllers/senhas_controller.rb": {
        "lines": [
          null,
          null,
          null,
          null,
          null,
          null,
          null,
          null,
          1,
          1,
          1,
          null,
          1,
          null,
          null,
          null,
          null,
          1,
          null,
          null,
          null,
          null,
          null,
          null,
          null,
          null,
          null,
          null,
          null,
          null,
          1,
          null,
          3,
          null,
          null,
          1,
          null,
          2,
          null,
          null,
          null,
          1,
          null,
          null,
          null,
          null,
          null,
          1,
          null,
          5,
          null,
          5,
          null,
          null,
          5,
          null,
          null,
          null,
          null,
          null,
          1,
          null,
          3,
          null
        ]
      },
      "C:/Users/andmi/CAMAAR/camaar/app/controllers/resposta_formularios_controller.rb": {
        "lines": [
          null,
          null,
          null,
          1,
          1,
          null,
          null,
          null,
          null,
          null,
          1,
          3,
          null,
          null,
          null,
          null,
          null,
          null,
          1,
          3,
          3,
          3,
          3,
          3,
          6,
          null,
          null,
          null,
          null,
          null,
          null,
          1,
          1,
          null,
          1,
          null,
          null,
          null,
          null,
          null,
          null,
          null,
          null,
          null,
          null,
          null,
          null,
          null,
          null,
          null,
          null,
          null,
          1,
          3,
          3,
          3,
          3,
          null,
          null,
          3,
          3,
          null,
          3,
          1,
          1,
          null,
          null,
          2,
          2,
          null,
          null,
          null,
          null,
          1,
          5,
          2,
          null,
          null,
          null,
          null,
          null,
          null,
          null,
          1,
          1,
          null,
          null,
          null,
          1,
          null,
          1,
          1,
          1,
          null,
          null,
          1,
          null,
          1,
          null,
          3,
          null,
          null,
          null
        ]
      },
      "C:/Users/andmi/CAMAAR/camaar/app/models/resposta_formulario.rb": {
        "lines": [
          1,
          1,
          1,
          1,
          null
        ]
      },
      "C:/Users/andmi/CAMAAR/camaar/app/models/resposta_questao.rb": {
        "lines": [
          1,
          1,
          1,
          1,
          null
        ]
      },
      "C:/Users/andmi/CAMAAR/camaar/app/services/resposta_formularios_csv_service.rb": {
        "lines": [
          null,
          null,
          null,
          1,
          null,
          null,
          null,
          1,
          3,
          3,
          null,
          null,
          null,
          null,
          null,
          1,
          3,
          3,
          3,
          3,
          6,
          null,
          null,
          null,
          null,
          null,
          null,
          null,
          null,
          null,
          null,
          1,
          3,
          0,
          null,
          3,
          null
        ]
      },
      "C:/Users/andmi/CAMAAR/camaar/app/controllers/templates_controller.rb": {
        "lines": [
          null,
          null,
          1,
          null,
          1,
          null,
          1,
          null,
          null,
          null,
          1,
          5,
          null,
          null,
          null,
          null,
          1,
          null,
          null,
          null,
          null,
          null,
          null,
          null,
          1,
          7,
          null,
          7,
          4,
          null,
          3,
          null,
          null,
          null,
          null,
          null,
          1,
          null,
          null,
          null,
          null,
          null,
          null,
          null,
          1,
          5,
          5,
          3,
          null,
          2,
          null,
          null,
          null,
          null,
          null,
          null,
          null,
          1,
          null,
          2,
          2,
          2,
          null,
          null,
          1,
          null,
          null,
          null,
          null,
          1,
          11,
          null,
          null,
          null,
          null,
          null,
          1,
          7,
          2,
          null,
          5,
          null,
          null,
          null,
          null,
          null,
          null,
          1,
          5,
          2,
          null,
          3,
          null,
          3,
          2,
          1,
          1,
          null,
          0,
          null,
          null,
          null,
          null,
          null,
          null,
          null,
          1,
          12,
          null,
          null,
          null,
          null,
          null,
          1,
          12,
          null,
          null,
          null,
          null,
          null,
          null,
          null,
          null,
          null,
          1,
          5,
          null,
          null,
          null,
          null,
          null,
          1,
          5,
          null,
          null
        ]
      },
      "C:/Users/andmi/CAMAAR/camaar/app/jobs/application_job.rb": {
        "lines": [
          0,
          null,
          null,
          null,
          null,
          null,
          0
        ],
        "branches": {}
      }
    },
    "timestamp": 1753367659
  }
}
